Removed Pin From Net: NetName=BOOT_ESP Pin=BT1-3
Change Component Footprint: Designator=L1 Old Footprint=LED-0805-Red New Footprint=LED-3MM-RED
Change Component Footprint: Designator=L2 Old Footprint=LED-0805-Red New Footprint=LED-3MM-RED
Change Component Footprint: Designator=L3 Old Footprint=LED-0805-Red New Footprint=LED-3MM-RED
Change Component Footprint: Designator=L4 Old Footprint=LED-0805-Red New Footprint=LED-3MM-RED
Change Component Footprint: Designator=L5 Old Footprint=LED-0805-Red New Footprint=LED-3MM-RED
Change Component Footprint: Designator=L6 Old Footprint=LED-0805-Red New Footprint=LED-3MM-RED
Change Component Footprint: Designator=L7 Old Footprint=LED-0805-Red New Footprint=LED-3MM-RED
Change Component Footprint: Designator=L8 Old Footprint=LED-0805-Red New Footprint=LED-3MM-RED
Change Component Comment : Designator=L1 Old Comment=LED 0805 New Comment=LED 3mm
Change Component Comment : Designator=L2 Old Comment=LED 0805 New Comment=LED 3mm
Change Component Comment : Designator=L3 Old Comment=LED 0805 New Comment=LED 3mm
Change Component Comment : Designator=L4 Old Comment=LED 0805 New Comment=LED 3mm
Change Component Comment : Designator=L5 Old Comment=LED 0805 New Comment=LED 3mm
Change Component Comment : Designator=L6 Old Comment=LED 0805 New Comment=LED 3mm
Change Component Comment : Designator=L7 Old Comment=LED 0805 New Comment=LED 3mm
Change Component Comment : Designator=L8 Old Comment=LED 0805 New Comment=LED 3mm
Change component parameters: Designator = "L1" ("L1"); Footprint = "LED-0805-Red"; UniqueID = "\VTMGOBLU" ("\VTMGOBLU")
Change component parameters (AddParameter): Name = "Chung_Loai"; Value = "C?m"; VariantName = "[No Variations]"
Change component parameters (AddParameter): Name = "Don_Vi"; Value = "Con"; VariantName = "[No Variations]"
Change component parameters (AddParameter): Name = "Ghi_Chu"; Value = ""; VariantName = "[No Variations]"
Change component parameters (AddParameter): Name = "Kieu_Chan"; Value = ""; VariantName = "[No Variations]"
Change component parameters (AddParameter): Name = "Ma_Hang"; Value = "MH003892"; VariantName = "[No Variations]"
Change component parameters (AddParameter): Name = "Ten_Linh_Kien"; Value = "Led 3MM Ph? Ð? (10c)"; VariantName = "[No Variations]"
Change component parameters: Designator = "L2" ("L2"); Footprint = "LED-0805-Red"; UniqueID = "\VIFCLMQW" ("\VIFCLMQW")
Change component parameters (AddParameter): Name = "Chung_Loai"; Value = "C?m"; VariantName = "[No Variations]"
Change component parameters (AddParameter): Name = "Don_Vi"; Value = "Con"; VariantName = "[No Variations]"
Change component parameters (AddParameter): Name = "Ghi_Chu"; Value = ""; VariantName = "[No Variations]"
Change component parameters (AddParameter): Name = "Kieu_Chan"; Value = ""; VariantName = "[No Variations]"
Change component parameters (AddParameter): Name = "Ma_Hang"; Value = "MH003892"; VariantName = "[No Variations]"
Change component parameters (AddParameter): Name = "Ten_Linh_Kien"; Value = "Led 3MM Ph? Ð? (10c)"; VariantName = "[No Variations]"
Change component parameters: Designator = "L3" ("L3"); Footprint = "LED-0805-Red"; UniqueID = "\HKUSGJNU" ("\HKUSGJNU")
Change component parameters (AddParameter): Name = "Chung_Loai"; Value = "C?m"; VariantName = "[No Variations]"
Change component parameters (AddParameter): Name = "Don_Vi"; Value = "Con"; VariantName = "[No Variations]"
Change component parameters (AddParameter): Name = "Ghi_Chu"; Value = ""; VariantName = "[No Variations]"
Change component parameters (AddParameter): Name = "Kieu_Chan"; Value = ""; VariantName = "[No Variations]"
Change component parameters (AddParameter): Name = "Ma_Hang"; Value = "MH003892"; VariantName = "[No Variations]"
Change component parameters (AddParameter): Name = "Ten_Linh_Kien"; Value = "Led 3MM Ph? Ð? (10c)"; VariantName = "[No Variations]"
Change component parameters: Designator = "L4" ("L4"); Footprint = "LED-0805-Red"; UniqueID = "\DLKEDPPF" ("\DLKEDPPF")
Change component parameters (AddParameter): Name = "Chung_Loai"; Value = "C?m"; VariantName = "[No Variations]"
Change component parameters (AddParameter): Name = "Don_Vi"; Value = "Con"; VariantName = "[No Variations]"
Change component parameters (AddParameter): Name = "Ghi_Chu"; Value = ""; VariantName = "[No Variations]"
Change component parameters (AddParameter): Name = "Kieu_Chan"; Value = ""; VariantName = "[No Variations]"
Change component parameters (AddParameter): Name = "Ma_Hang"; Value = "MH003892"; VariantName = "[No Variations]"
Change component parameters (AddParameter): Name = "Ten_Linh_Kien"; Value = "Led 3MM Ph? Ð? (10c)"; VariantName = "[No Variations]"
Change component parameters: Designator = "L5" ("L5"); Footprint = "LED-0805-Red"; UniqueID = "\OPCACTEC" ("\OPCACTEC")
Change component parameters (AddParameter): Name = "Chung_Loai"; Value = "C?m"; VariantName = "[No Variations]"
Change component parameters (AddParameter): Name = "Don_Vi"; Value = "Con"; VariantName = "[No Variations]"
Change component parameters (AddParameter): Name = "Ghi_Chu"; Value = ""; VariantName = "[No Variations]"
Change component parameters (AddParameter): Name = "Kieu_Chan"; Value = ""; VariantName = "[No Variations]"
Change component parameters (AddParameter): Name = "Ma_Hang"; Value = "MH003892"; VariantName = "[No Variations]"
Change component parameters (AddParameter): Name = "Ten_Linh_Kien"; Value = "Led 3MM Ph? Ð? (10c)"; VariantName = "[No Variations]"
Change component parameters: Designator = "L6" ("L6"); Footprint = "LED-0805-Red"; UniqueID = "\SAPMNCYR" ("\SAPMNCYR")
Change component parameters (AddParameter): Name = "Chung_Loai"; Value = "C?m"; VariantName = "[No Variations]"
Change component parameters (AddParameter): Name = "Don_Vi"; Value = "Con"; VariantName = "[No Variations]"
Change component parameters (AddParameter): Name = "Ghi_Chu"; Value = ""; VariantName = "[No Variations]"
Change component parameters (AddParameter): Name = "Kieu_Chan"; Value = ""; VariantName = "[No Variations]"
Change component parameters (AddParameter): Name = "Ma_Hang"; Value = "MH003892"; VariantName = "[No Variations]"
Change component parameters (AddParameter): Name = "Ten_Linh_Kien"; Value = "Led 3MM Ph? Ð? (10c)"; VariantName = "[No Variations]"
Change component parameters: Designator = "L7" ("L7"); Footprint = "LED-0805-Red"; UniqueID = "\MMKUAAHC" ("\MMKUAAHC")
Change component parameters (AddParameter): Name = "Chung_Loai"; Value = "C?m"; VariantName = "[No Variations]"
Change component parameters (AddParameter): Name = "Don_Vi"; Value = "Con"; VariantName = "[No Variations]"
Change component parameters (AddParameter): Name = "Ghi_Chu"; Value = ""; VariantName = "[No Variations]"
Change component parameters (AddParameter): Name = "Kieu_Chan"; Value = ""; VariantName = "[No Variations]"
Change component parameters (AddParameter): Name = "Ma_Hang"; Value = "MH003892"; VariantName = "[No Variations]"
Change component parameters (AddParameter): Name = "Ten_Linh_Kien"; Value = "Led 3MM Ph? Ð? (10c)"; VariantName = "[No Variations]"
Change component parameters: Designator = "L8" ("L8"); Footprint = "LED-0805-Red"; UniqueID = "\CYTDTMVO" ("\CYTDTMVO")
Change component parameters (AddParameter): Name = "Chung_Loai"; Value = "C?m"; VariantName = "[No Variations]"
Change component parameters (AddParameter): Name = "Don_Vi"; Value = "Con"; VariantName = "[No Variations]"
Change component parameters (AddParameter): Name = "Ghi_Chu"; Value = ""; VariantName = "[No Variations]"
Change component parameters (AddParameter): Name = "Kieu_Chan"; Value = ""; VariantName = "[No Variations]"
Change component parameters (AddParameter): Name = "Ma_Hang"; Value = "MH003892"; VariantName = "[No Variations]"
Change component parameters (AddParameter): Name = "Ten_Linh_Kien"; Value = "Led 3MM Ph? Ð? (10c)"; VariantName = "[No Variations]"
